c:\users\fuzzy\source\repos\dmitry-kitsune\systemprog\sp_lb2-4\burlyaev_dll_v2\debug\burlyaev_dll.lib
c:\users\fuzzy\source\repos\dmitry-kitsune\systemprog\sp_lb2-4\burlyaev_dll_v2\debug\burlyaev_dll.exp
c:\users\fuzzy\source\repos\dmitry-kitsune\systemprog\sp_lb2-4\burlyaev_dll_v2\burlyaev_dll\debug\burlyaev_dll.pch
c:\users\fuzzy\source\repos\dmitry-kitsune\systemprog\sp_lb2-4\burlyaev_dll_v2\burlyaev_dll\debug\vc143.pdb
c:\users\fuzzy\source\repos\dmitry-kitsune\systemprog\sp_lb2-4\burlyaev_dll_v2\burlyaev_dll\debug\vc143.idb
c:\users\fuzzy\source\repos\dmitry-kitsune\systemprog\sp_lb2-4\burlyaev_dll_v2\burlyaev_dll\debug\stdafx.obj
c:\users\fuzzy\source\repos\dmitry-kitsune\systemprog\sp_lb2-4\burlyaev_dll_v2\burlyaev_dll\debug\dllmain.obj
c:\users\fuzzy\source\repos\dmitry-kitsune\systemprog\sp_lb2-4\burlyaev_dll_v2\burlyaev_dll\debug\burlyaev_dll.obj
c:\users\fuzzy\source\repos\dmitry-kitsune\systemprog\sp_lb2-4\burlyaev_dll_v2\burlyaev_dll\debug\burlyaev_dll.ilk
c:\users\fuzzy\source\repos\dmitry-kitsune\systemprog\sp_lb2-4\burlyaev_dll_v2\debug\burlyaev_dll.dll
c:\users\fuzzy\source\repos\dmitry-kitsune\systemprog\sp_lb2-4\burlyaev_dll_v2\debug\burlyaev_dll.pdb
c:\users\fuzzy\source\repos\dmitry-kitsune\systemprog\sp_lb2-4\burlyaev_dll_v2\burlyaev_dll\debug\burlyaev_dll.res
c:\users\fuzzy\source\repos\dmitry-kitsune\systemprog\sp_lb2-4\burlyaev_dll_v2\burlyaev_dll\debug\burlyaev_dll.tlog\burlyaev_dll.write.1u.tlog
c:\users\fuzzy\source\repos\dmitry-kitsune\systemprog\sp_lb2-4\burlyaev_dll_v2\burlyaev_dll\debug\burlyaev_dll.tlog\cl.command.1.tlog
c:\users\fuzzy\source\repos\dmitry-kitsune\systemprog\sp_lb2-4\burlyaev_dll_v2\burlyaev_dll\debug\burlyaev_dll.tlog\cl.read.1.tlog
c:\users\fuzzy\source\repos\dmitry-kitsune\systemprog\sp_lb2-4\burlyaev_dll_v2\burlyaev_dll\debug\burlyaev_dll.tlog\cl.write.1.tlog
c:\users\fuzzy\source\repos\dmitry-kitsune\systemprog\sp_lb2-4\burlyaev_dll_v2\burlyaev_dll\debug\burlyaev_dll.tlog\link.command.1.tlog
c:\users\fuzzy\source\repos\dmitry-kitsune\systemprog\sp_lb2-4\burlyaev_dll_v2\burlyaev_dll\debug\burlyaev_dll.tlog\link.read.1.tlog
c:\users\fuzzy\source\repos\dmitry-kitsune\systemprog\sp_lb2-4\burlyaev_dll_v2\burlyaev_dll\debug\burlyaev_dll.tlog\link.write.1.tlog
c:\users\fuzzy\source\repos\dmitry-kitsune\systemprog\sp_lb2-4\burlyaev_dll_v2\burlyaev_dll\debug\burlyaev_dll.tlog\rc.command.1.tlog
c:\users\fuzzy\source\repos\dmitry-kitsune\systemprog\sp_lb2-4\burlyaev_dll_v2\burlyaev_dll\debug\burlyaev_dll.tlog\rc.read.1.tlog
c:\users\fuzzy\source\repos\dmitry-kitsune\systemprog\sp_lb2-4\burlyaev_dll_v2\burlyaev_dll\debug\burlyaev_dll.tlog\rc.write.1.tlog
