  stdafx.cpp
  BURLYAEV_DLL_E.cpp
C:\Users\Fuzzy\Source\Repos\Dmitry-Kitsune\SystemProg\SP_Lb2-4\BURLYAEV_DLL\BURLYAEV_DLL_E\resource.h(20,1): warning C4005: 'ID_DLLFUN93': macro redefinition
C:\Users\Fuzzy\Source\Repos\Dmitry-Kitsune\SystemProg\SP_Lb2-4\BURLYAEV_DLL\BURLYAEV_DLL_E\resource.h(19): message : see previous definition of 'ID_DLLFUN93'
C:\Users\Fuzzy\Source\Repos\Dmitry-Kitsune\SystemProg\SP_Lb2-4\BURLYAEV_DLL\BURLYAEV_DLL_E\resource.h(21,1): warning C4005: 'ID_DLLFUN93': macro redefinition
C:\Users\Fuzzy\Source\Repos\Dmitry-Kitsune\SystemProg\SP_Lb2-4\BURLYAEV_DLL\BURLYAEV_DLL_E\resource.h(20): message : see previous definition of 'ID_DLLFUN93'
C:\Users\Fuzzy\Source\Repos\Dmitry-Kitsune\SystemProg\SP_Lb2-4\BURLYAEV_DLL\BURLYAEV_DLL_E\BURLYAEV_DLL_E.cpp(73,53): warning C4474: 'swprintf_s' : too many arguments passed for format string
C:\Users\Fuzzy\Source\Repos\Dmitry-Kitsune\SystemProg\SP_Lb2-4\BURLYAEV_DLL\BURLYAEV_DLL_E\BURLYAEV_DLL_E.cpp(73,53): message : placeholders and their parameters expect 0 variadic arguments, but 1 were provided
C:\Users\Fuzzy\Source\Repos\Dmitry-Kitsune\SystemProg\SP_Lb2-4\BURLYAEV_DLL\BURLYAEV_DLL_E\BURLYAEV_DLL_E.cpp(83,55): warning C4474: 'swprintf_s' : too many arguments passed for format string
C:\Users\Fuzzy\Source\Repos\Dmitry-Kitsune\SystemProg\SP_Lb2-4\BURLYAEV_DLL\BURLYAEV_DLL_E\BURLYAEV_DLL_E.cpp(83,55): message : placeholders and their parameters expect 0 variadic arguments, but 1 were provided
C:\Users\Fuzzy\Source\Repos\Dmitry-Kitsune\SystemProg\SP_Lb2-4\BURLYAEV_DLL\BURLYAEV_DLL_E\BURLYAEV_DLL_E.cpp(185,28): warning C4229: anachronism used: modifiers on data are ignored
C:\Users\Fuzzy\Source\Repos\Dmitry-Kitsune\SystemProg\SP_Lb2-4\BURLYAEV_DLL\BURLYAEV_DLL_E\BURLYAEV_DLL_E.cpp(208,24): warning C4477: 'swprintf_s' : format string '%s' requires an argument of type 'wchar_t *', but variadic argument 1 has type 'DWORD'
C:\Users\Fuzzy\Source\Repos\Dmitry-Kitsune\SystemProg\SP_Lb2-4\BURLYAEV_DLL\BURLYAEV_DLL_E\BURLYAEV_DLL_E.cpp(237,24): warning C4477: 'swprintf_s' : format string '%s' requires an argument of type 'wchar_t *', but variadic argument 1 has type 'DWORD'
C:\Users\Fuzzy\Source\Repos\Dmitry-Kitsune\SystemProg\SP_Lb2-4\BURLYAEV_DLL\BURLYAEV_DLL_E\BURLYAEV_DLL_E.cpp(247,22): warning C4477: 'swprintf_s' : format string '%2.3f' requires an argument of type 'double', but variadic argument 3 has type 'int'
C:\Users\Fuzzy\Source\Repos\Dmitry-Kitsune\SystemProg\SP_Lb2-4\BURLYAEV_DLL\BURLYAEV_DLL_E\BURLYAEV_DLL_E.cpp(248,49): warning C4474: 'swprintf_s' : too many arguments passed for format string
C:\Users\Fuzzy\Source\Repos\Dmitry-Kitsune\SystemProg\SP_Lb2-4\BURLYAEV_DLL\BURLYAEV_DLL_E\BURLYAEV_DLL_E.cpp(248,49): message : placeholders and their parameters expect 5 variadic arguments, but 6 were provided
C:\Users\Fuzzy\Source\Repos\Dmitry-Kitsune\SystemProg\SP_Lb2-4\BURLYAEV_DLL\BURLYAEV_DLL_E\BURLYAEV_DLL_E.cpp(264,24): warning C4477: 'swprintf_s' : format string '%s' requires an argument of type 'wchar_t *', but variadic argument 1 has type 'DWORD'
C:\Users\Fuzzy\Source\Repos\Dmitry-Kitsune\SystemProg\SP_Lb2-4\BURLYAEV_DLL\BURLYAEV_DLL_E\BURLYAEV_DLL_E.cpp(274,22): warning C4477: 'swprintf_s' : format string '%d' requires an argument of type 'int', but variadic argument 1 has type 'double'
C:\Users\Fuzzy\Source\Repos\Dmitry-Kitsune\SystemProg\SP_Lb2-4\BURLYAEV_DLL\BURLYAEV_DLL_E\BURLYAEV_DLL_E.cpp(274,22): warning C4477: 'swprintf_s' : format string '%d' requires an argument of type 'int', but variadic argument 2 has type 'double'
C:\Users\Fuzzy\Source\Repos\Dmitry-Kitsune\SystemProg\SP_Lb2-4\BURLYAEV_DLL\BURLYAEV_DLL_E\BURLYAEV_DLL_E.cpp(274,22): warning C4477: 'swprintf_s' : format string '%2.3f' requires an argument of type 'double', but variadic argument 3 has type 'int'
C:\Users\Fuzzy\Source\Repos\Dmitry-Kitsune\SystemProg\SP_Lb2-4\BURLYAEV_DLL\BURLYAEV_DLL_E\BURLYAEV_DLL_E.cpp(274,22): warning C4473: 'swprintf_s' : not enough arguments passed for format string
C:\Users\Fuzzy\Source\Repos\Dmitry-Kitsune\SystemProg\SP_Lb2-4\BURLYAEV_DLL\BURLYAEV_DLL_E\BURLYAEV_DLL_E.cpp(274,22): message : placeholders and their parameters expect 5 variadic arguments, but 4 were provided
C:\Users\Fuzzy\Source\Repos\Dmitry-Kitsune\SystemProg\SP_Lb2-4\BURLYAEV_DLL\BURLYAEV_DLL_E\BURLYAEV_DLL_E.cpp(274,22): message : the missing variadic argument 5 is required by format string '%d'
resource.h(20): warning RC4005: 'ID_DLLFUN93' : redefinition
  
resource.h(21): warning RC4005: 'ID_DLLFUN93' : redefinition
  
LINK : fatal error LNK1104: cannot open file '..C:\Users\Fuzzy\Source\Repos\Dmitry-Kitsune\SystemProg\SP_Lb2-4\BURLYAEV_DLL\Debug\\BURLYAEV_DLL.lib'
