c:\users\fuzzy\source\repos\dmitry-kitsune\systemprog\sp_lb2-4\burlyaev_dll\debug\burlyaev_dll_i.lib
c:\users\fuzzy\source\repos\dmitry-kitsune\systemprog\sp_lb2-4\burlyaev_dll\debug\burlyaev_dll_i.exp
c:\users\fuzzy\source\repos\dmitry-kitsune\systemprog\sp_lb2-4\burlyaev_dll\burlyaev_dll_i\debug\burlyaev_dll_i.pch
c:\users\fuzzy\source\repos\dmitry-kitsune\systemprog\sp_lb2-4\burlyaev_dll\burlyaev_dll_i\debug\vc143.pdb
c:\users\fuzzy\source\repos\dmitry-kitsune\systemprog\sp_lb2-4\burlyaev_dll\burlyaev_dll_i\debug\vc143.idb
c:\users\fuzzy\source\repos\dmitry-kitsune\systemprog\sp_lb2-4\burlyaev_dll\burlyaev_dll_i\debug\stdafx.obj
c:\users\fuzzy\source\repos\dmitry-kitsune\systemprog\sp_lb2-4\burlyaev_dll\burlyaev_dll_i\debug\burlyaev_dll_i.obj
c:\users\fuzzy\source\repos\dmitry-kitsune\systemprog\sp_lb2-4\burlyaev_dll\burlyaev_dll_i\debug\burlyaev_dll_i.ilk
c:\users\fuzzy\source\repos\dmitry-kitsune\systemprog\sp_lb2-4\burlyaev_dll\debug\burlyaev_dll_i.exe
c:\users\fuzzy\source\repos\dmitry-kitsune\systemprog\sp_lb2-4\burlyaev_dll\debug\burlyaev_dll_i.pdb
c:\users\fuzzy\source\repos\dmitry-kitsune\systemprog\sp_lb2-4\burlyaev_dll\burlyaev_dll_i\debug\burlyaev_dll_i.res
c:\users\fuzzy\source\repos\dmitry-kitsune\systemprog\sp_lb2-4\burlyaev_dll\burlyaev_dll_i\debug\burlyaev_dll_i.tlog\burlyaev_dll_i.write.1u.tlog
c:\users\fuzzy\source\repos\dmitry-kitsune\systemprog\sp_lb2-4\burlyaev_dll\burlyaev_dll_i\debug\burlyaev_dll_i.tlog\cl.command.1.tlog
c:\users\fuzzy\source\repos\dmitry-kitsune\systemprog\sp_lb2-4\burlyaev_dll\burlyaev_dll_i\debug\burlyaev_dll_i.tlog\cl.read.1.tlog
c:\users\fuzzy\source\repos\dmitry-kitsune\systemprog\sp_lb2-4\burlyaev_dll\burlyaev_dll_i\debug\burlyaev_dll_i.tlog\cl.write.1.tlog
c:\users\fuzzy\source\repos\dmitry-kitsune\systemprog\sp_lb2-4\burlyaev_dll\burlyaev_dll_i\debug\burlyaev_dll_i.tlog\link.command.1.tlog
c:\users\fuzzy\source\repos\dmitry-kitsune\systemprog\sp_lb2-4\burlyaev_dll\burlyaev_dll_i\debug\burlyaev_dll_i.tlog\link.read.1.tlog
c:\users\fuzzy\source\repos\dmitry-kitsune\systemprog\sp_lb2-4\burlyaev_dll\burlyaev_dll_i\debug\burlyaev_dll_i.tlog\link.write.1.tlog
c:\users\fuzzy\source\repos\dmitry-kitsune\systemprog\sp_lb2-4\burlyaev_dll\burlyaev_dll_i\debug\burlyaev_dll_i.tlog\rc.command.1.tlog
c:\users\fuzzy\source\repos\dmitry-kitsune\systemprog\sp_lb2-4\burlyaev_dll\burlyaev_dll_i\debug\burlyaev_dll_i.tlog\rc.read.1.tlog
c:\users\fuzzy\source\repos\dmitry-kitsune\systemprog\sp_lb2-4\burlyaev_dll\burlyaev_dll_i\debug\burlyaev_dll_i.tlog\rc.write.1.tlog
